<?xml version="1.0" encoding="UTF-8"?>
<testsuite name="com.kedwards.calculator.CalculatorTest" tests="1" skipped="0" failures="0" errors="0" timestamp="2019-02-22T19:16:44" hostname="ras" time="0.002">
  <properties/>
  <testcase name="testSum" classname="com.kedwards.calculator.CalculatorTest" time="0.002"/>
  <system-out><![CDATA[]]></system-out>
  <system-err><![CDATA[]]></system-err>
</testsuite>
